0 info it worked if it ends with ok
1 verbose cli [ 'C:\\Program Files\\nodejs\\node.exe',
1 verbose cli   'C:\\Program Files\\nodejs\\node_modules\\npm\\bin\\npm-cli.js',
1 verbose cli   'install',
1 verbose cli   'underscore',
1 verbose cli   '--save' ]
2 info using npm@2.15.1
3 info using node@v4.4.4
4 verbose install initial load of C:\wamp\www\GitHub\Admin\package.json
5 warn package.json angular2-cms@1.0.0 No description
6 warn package.json angular2-cms@1.0.0 No repository field.
7 warn package.json angular2-cms@1.0.0 No README data
8 verbose installManyTop reading scoped package data from C:\wamp\www\GitHub\Admin\node_modules\angular2-in-memory-web-api\package.json
9 verbose installManyTop reading scoped package data from C:\wamp\www\GitHub\Admin\node_modules\bootstrap\package.json
10 verbose installManyTop reading scoped package data from C:\wamp\www\GitHub\Admin\node_modules\concurrently\package.json
11 verbose installManyTop reading scoped package data from C:\wamp\www\GitHub\Admin\node_modules\core-js\package.json
12 verbose installManyTop reading scoped package data from C:\wamp\www\GitHub\Admin\node_modules\jquery\package.json
13 verbose installManyTop reading scoped package data from C:\wamp\www\GitHub\Admin\node_modules\lite-server\package.json
14 verbose installManyTop reading scoped package data from C:\wamp\www\GitHub\Admin\node_modules\npm\package.json
15 verbose installManyTop reading scoped package data from C:\wamp\www\GitHub\Admin\node_modules\reflect-metadata\package.json
16 verbose installManyTop reading scoped package data from C:\wamp\www\GitHub\Admin\node_modules\rxjs\package.json
17 verbose installManyTop reading scoped package data from C:\wamp\www\GitHub\Admin\node_modules\systemjs\package.json
18 verbose installManyTop reading scoped package data from C:\wamp\www\GitHub\Admin\node_modules\typescript\package.json
19 verbose installManyTop reading scoped package data from C:\wamp\www\GitHub\Admin\node_modules\typings\package.json
20 verbose installManyTop reading scoped package data from C:\wamp\www\GitHub\Admin\node_modules\underscore\package.json
21 verbose installManyTop reading scoped package data from C:\wamp\www\GitHub\Admin\node_modules\zone.js\package.json
22 verbose installManyTop reading scoped package data from C:\wamp\www\GitHub\Admin\node_modules\@angular\common\package.json
23 verbose installManyTop reading scoped package data from C:\wamp\www\GitHub\Admin\node_modules\@angular\compiler\package.json
24 verbose installManyTop reading scoped package data from C:\wamp\www\GitHub\Admin\node_modules\@angular\core\package.json
25 verbose installManyTop reading scoped package data from C:\wamp\www\GitHub\Admin\node_modules\@angular\forms\package.json
26 verbose installManyTop reading scoped package data from C:\wamp\www\GitHub\Admin\node_modules\@angular\http\package.json
27 verbose installManyTop reading scoped package data from C:\wamp\www\GitHub\Admin\node_modules\@angular\platform-browser\package.json
28 verbose installManyTop reading scoped package data from C:\wamp\www\GitHub\Admin\node_modules\@angular\platform-browser-dynamic\package.json
29 verbose installManyTop reading scoped package data from C:\wamp\www\GitHub\Admin\node_modules\@angular\router\package.json
30 verbose installManyTop reading scoped package data from C:\wamp\www\GitHub\Admin\node_modules\@angular\router-deprecated\package.json
31 verbose installManyTop reading scoped package data from C:\wamp\www\GitHub\Admin\node_modules\@angular\upgrade\package.json
32 verbose installManyTop reading scoped package data from C:\wamp\www\GitHub\Admin\node_modules\@angular2-material\checkbox\package.json
33 verbose installManyTop reading scoped package data from C:\wamp\www\GitHub\Admin\node_modules\@angular2-material\core\package.json
34 verbose installManyTop reading scoped package data from C:\wamp\www\GitHub\Admin\node_modules\@angular2-material\input\package.json
35 verbose installManyTop reading scoped package data from C:\wamp\www\GitHub\Admin\node_modules\@angular2-material\list\package.json
36 info package.json @angular/common@2.0.0-rc.3 No description
37 info package.json @angular/compiler@2.0.0-rc.3 No description
38 info package.json @angular/core@2.0.0-rc.3 No description
39 info package.json @angular/forms@0.1.1 No description
40 info package.json @angular/http@2.0.0-rc.3 No description
41 info package.json @angular/platform-browser-dynamic@2.0.0-rc.3 No description
42 info package.json @angular/platform-browser@2.0.0-rc.3 No description
43 info package.json @angular/router-deprecated@2.0.0-rc.2 No description
44 info package.json @angular/upgrade@2.0.0-rc.3 No description
45 verbose readDependencies loading dependencies from C:\wamp\www\GitHub\Admin\package.json
46 verbose install underscore is installed as 1.8.3
47 silly cache add args [ 'underscore', null ]
48 verbose cache add spec underscore
49 silly cache add parsed spec Result {
49 silly cache add   raw: 'underscore',
49 silly cache add   scope: null,
49 silly cache add   name: 'underscore',
49 silly cache add   rawSpec: '',
49 silly cache add   spec: 'latest',
49 silly cache add   type: 'tag' }
50 silly addNamed underscore@latest
51 verbose addNamed "latest" is being treated as a dist-tag for underscore
52 info addNameTag [ 'underscore', 'latest' ]
53 silly mapToRegistry name underscore
54 silly mapToRegistry using default registry
55 silly mapToRegistry registry https://registry.npmjs.org/
56 silly mapToRegistry data Result {
56 silly mapToRegistry   raw: 'underscore',
56 silly mapToRegistry   scope: null,
56 silly mapToRegistry   name: 'underscore',
56 silly mapToRegistry   rawSpec: '',
56 silly mapToRegistry   spec: 'latest',
56 silly mapToRegistry   type: 'tag' }
57 silly mapToRegistry uri https://registry.npmjs.org/underscore
58 verbose addNameTag registry:https://registry.npmjs.org/underscore not in flight; fetching
59 verbose request uri https://registry.npmjs.org/underscore
60 verbose request no auth needed
61 info attempt registry request try #1 at 02:49:00
62 verbose request id 66bb7edf1f3cc181
63 verbose etag "BR0DCEEB0ZOYK9C7WKZWPTB9"
64 http request GET https://registry.npmjs.org/underscore
65 http 304 https://registry.npmjs.org/underscore
66 verbose headers { date: 'Wed, 29 Jun 2016 23:49:04 GMT',
66 verbose headers   via: '1.1 varnish',
66 verbose headers   'cache-control': 'max-age=300',
66 verbose headers   etag: '"BR0DCEEB0ZOYK9C7WKZWPTB9"',
66 verbose headers   age: '23',
66 verbose headers   connection: 'keep-alive',
66 verbose headers   'x-served-by': 'cache-fra1233-FRA',
66 verbose headers   'x-cache': 'HIT',
66 verbose headers   'x-cache-hits': '2',
66 verbose headers   'x-timer': 'S1467244144.314588,VS0,VE0',
66 verbose headers   vary: 'Accept-Encoding' }
67 silly get cb [ 304,
67 silly get   { date: 'Wed, 29 Jun 2016 23:49:04 GMT',
67 silly get     via: '1.1 varnish',
67 silly get     'cache-control': 'max-age=300',
67 silly get     etag: '"BR0DCEEB0ZOYK9C7WKZWPTB9"',
67 silly get     age: '23',
67 silly get     connection: 'keep-alive',
67 silly get     'x-served-by': 'cache-fra1233-FRA',
67 silly get     'x-cache': 'HIT',
67 silly get     'x-cache-hits': '2',
67 silly get     'x-timer': 'S1467244144.314588,VS0,VE0',
67 silly get     vary: 'Accept-Encoding' } ]
68 verbose etag https://registry.npmjs.org/underscore from cache
69 verbose get saving underscore to C:\Users\Администратор.000\AppData\Roaming\npm-cache\registry.npmjs.org\underscore\.cache.json
70 verbose correctMkdir C:\Users\Администратор.000\AppData\Roaming\npm-cache correctMkdir not in flight; initializing
71 silly addNameTag next cb for underscore with tag latest
72 silly addNamed underscore@1.8.3
73 verbose addNamed "1.8.3" is a plain semver version for underscore
74 silly cache afterAdd underscore@1.8.3
75 verbose afterAdd C:\Users\Администратор.000\AppData\Roaming\npm-cache\underscore\1.8.3\package\package.json not in flight; writing
76 verbose correctMkdir C:\Users\Администратор.000\AppData\Roaming\npm-cache correctMkdir not in flight; initializing
77 verbose afterAdd C:\Users\Администратор.000\AppData\Roaming\npm-cache\underscore\1.8.3\package\package.json written
78 silly install resolved [ { name: 'underscore',
78 silly install resolved     description: 'JavaScript\'s functional programming helper library.',
78 silly install resolved     homepage: 'http://underscorejs.org',
78 silly install resolved     keywords: [ 'util', 'functional', 'server', 'client', 'browser' ],
78 silly install resolved     author: { name: 'Jeremy Ashkenas', email: 'jeremy@documentcloud.org' },
78 silly install resolved     repository:
78 silly install resolved      { type: 'git',
78 silly install resolved        url: 'git://github.com/jashkenas/underscore.git' },
78 silly install resolved     main: 'underscore.js',
78 silly install resolved     version: '1.8.3',
78 silly install resolved     devDependencies:
78 silly install resolved      { docco: '*',
78 silly install resolved        eslint: '0.6.x',
78 silly install resolved        karma: '~0.12.31',
78 silly install resolved        'karma-qunit': '~0.1.4',
78 silly install resolved        'qunit-cli': '~0.2.0',
78 silly install resolved        'uglify-js': '2.4.x' },
78 silly install resolved     scripts:
78 silly install resolved      { test: 'npm run test-node && npm run lint',
78 silly install resolved        lint: 'eslint underscore.js test/*.js',
78 silly install resolved        'test-node': 'qunit-cli test/*.js',
78 silly install resolved        'test-browser': 'npm i karma-phantomjs-launcher && ./node_modules/karma/bin/karma start',
78 silly install resolved        build: 'uglifyjs underscore.js -c "evaluate=false" --comments "/    .*/" -m --source-map underscore-min.map -o underscore-min.js',
78 silly install resolved        doc: 'docco underscore.js' },
78 silly install resolved     license: 'MIT',
78 silly install resolved     files:
78 silly install resolved      [ 'underscore.js',
78 silly install resolved        'underscore-min.js',
78 silly install resolved        'underscore-min.map',
78 silly install resolved        'LICENSE' ],
78 silly install resolved     gitHead: 'e4743ab712b8ab42ad4ccb48b155034d02394e4d',
78 silly install resolved     bugs: { url: 'https://github.com/jashkenas/underscore/issues' },
78 silly install resolved     _id: 'underscore@1.8.3',
78 silly install resolved     _shasum: '4f3fb53b106e6097fcf9cb4109f2a5e9bdfa5022',
78 silly install resolved     _from: 'underscore@latest',
78 silly install resolved     _npmVersion: '1.4.28',
78 silly install resolved     _npmUser: { name: 'jashkenas', email: 'jashkenas@gmail.com' },
78 silly install resolved     maintainers: [ [Object] ],
78 silly install resolved     dist:
78 silly install resolved      { shasum: '4f3fb53b106e6097fcf9cb4109f2a5e9bdfa5022',
78 silly install resolved        tarball: 'https://registry.npmjs.org/underscore/-/underscore-1.8.3.tgz' },
78 silly install resolved     directories: {},
78 silly install resolved     _resolved: 'https://registry.npmjs.org/underscore/-/underscore-1.8.3.tgz',
78 silly install resolved     readme: 'ERROR: No README data found!' } ]
79 info install underscore@1.8.3 into C:\wamp\www\GitHub\Admin
80 info installOne underscore@1.8.3
81 verbose installOne of underscore to C:\wamp\www\GitHub\Admin not in flight; installing
82 verbose correctMkdir C:\Users\Администратор.000\AppData\Roaming\npm-cache\_locks correctMkdir not in flight; initializing
83 verbose lock using C:\Users\Администратор.000\AppData\Roaming\npm-cache\_locks\underscore-c7fc9817585a079a.lock for C:\wamp\www\GitHub\Admin\node_modules\underscore
84 silly install write writing underscore 1.8.3 to C:\wamp\www\GitHub\Admin\node_modules\underscore
85 verbose unbuild node_modules\underscore
86 info preuninstall underscore@1.8.3
87 info uninstall underscore@1.8.3
88 verbose unbuild rmStuff underscore@1.8.3 from C:\wamp\www\GitHub\Admin\node_modules
89 info postuninstall underscore@1.8.3
90 silly gentlyRm C:\wamp\www\GitHub\Admin\node_modules\underscore is being purged from base C:\wamp\www\GitHub\Admin
91 verbose gentlyRm don't care about contents; nuking C:\wamp\www\GitHub\Admin\node_modules\underscore
92 silly vacuum-fs purging C:\wamp\www\GitHub\Admin\node_modules\underscore
93 silly vacuum-fs quitting because other entries in C:\wamp\www\GitHub\Admin\node_modules
94 verbose tar unpack C:\Users\Администратор.000\AppData\Roaming\npm-cache\underscore\1.8.3\package.tgz
95 verbose tar unpacking to C:\wamp\www\GitHub\Admin\node_modules\underscore
96 silly gentlyRm C:\wamp\www\GitHub\Admin\node_modules\underscore is being purged
97 verbose gentlyRm don't care about contents; nuking C:\wamp\www\GitHub\Admin\node_modules\underscore
98 silly gunzTarPerm modes [ '777', '666' ]
99 silly gunzTarPerm extractEntry package.json
100 silly gunzTarPerm modified mode [ 'package.json', 420, 438 ]
101 silly gunzTarPerm extractEntry README.md
102 silly gunzTarPerm modified mode [ 'README.md', 420, 438 ]
103 silly gunzTarPerm extractEntry LICENSE
104 silly gunzTarPerm modified mode [ 'LICENSE', 420, 438 ]
105 silly gunzTarPerm extractEntry underscore.js
106 silly gunzTarPerm modified mode [ 'underscore.js', 420, 438 ]
107 silly gunzTarPerm extractEntry underscore-min.js
108 silly gunzTarPerm modified mode [ 'underscore-min.js', 420, 438 ]
109 silly gunzTarPerm extractEntry underscore-min.map
110 silly gunzTarPerm modified mode [ 'underscore-min.map', 420, 438 ]
111 verbose write writing to C:\wamp\www\GitHub\Admin\node_modules\underscore\package.json
112 info preinstall underscore@1.8.3
113 verbose readDependencies loading dependencies from C:\wamp\www\GitHub\Admin\node_modules\underscore\package.json
114 verbose readDependencies loading dependencies from C:\wamp\www\GitHub\Admin\node_modules\underscore\package.json
115 silly install resolved []
116 verbose about to build C:\wamp\www\GitHub\Admin\node_modules\underscore
117 info build C:\wamp\www\GitHub\Admin\node_modules\underscore
118 info linkStuff underscore@1.8.3
119 silly linkStuff underscore@1.8.3 has C:\wamp\www\GitHub\Admin\node_modules as its parent node_modules
120 verbose linkBins underscore@1.8.3
121 verbose linkMans underscore@1.8.3
122 verbose rebuildBundles underscore@1.8.3
123 info install underscore@1.8.3
124 info postinstall underscore@1.8.3
125 verbose unlock done using C:\Users\Администратор.000\AppData\Roaming\npm-cache\_locks\underscore-c7fc9817585a079a.lock for C:\wamp\www\GitHub\Admin\node_modules\underscore
126 verbose validateInstall loading C:\wamp\www\GitHub\Admin\package.json for validation
127 verbose stack Error: The package @angular/core@2.0.0-rc.3 does not satisfy its siblings' peerDependencies requirements!
127 verbose stack     at C:\Program Files\nodejs\node_modules\npm\lib\install.js:125:32
127 verbose stack     at C:\Program Files\nodejs\node_modules\npm\lib\install.js:268:7
127 verbose stack     at C:\Program Files\nodejs\node_modules\npm\node_modules\read-installed\read-installed.js:142:5
127 verbose stack     at C:\Program Files\nodejs\node_modules\npm\node_modules\read-installed\read-installed.js:263:14
127 verbose stack     at cb (C:\Program Files\nodejs\node_modules\npm\node_modules\slide\lib\async-map.js:47:24)
127 verbose stack     at C:\Program Files\nodejs\node_modules\npm\node_modules\read-installed\read-installed.js:263:14
127 verbose stack     at cb (C:\Program Files\nodejs\node_modules\npm\node_modules\slide\lib\async-map.js:47:24)
127 verbose stack     at C:\Program Files\nodejs\node_modules\npm\node_modules\read-installed\read-installed.js:263:14
127 verbose stack     at cb (C:\Program Files\nodejs\node_modules\npm\node_modules\slide\lib\async-map.js:47:24)
127 verbose stack     at C:\Program Files\nodejs\node_modules\npm\node_modules\read-installed\read-installed.js:263:14
128 verbose cwd C:\wamp\www\GitHub\Admin
129 error Windows_NT 10.0.10586
130 error argv "C:\\Program Files\\nodejs\\node.exe" "C:\\Program Files\\nodejs\\node_modules\\npm\\bin\\npm-cli.js" "install" "underscore" "--save"
131 error node v4.4.4
132 error npm  v2.15.1
133 error code EPEERINVALID
134 error peerinvalid The package @angular/core@2.0.0-rc.3 does not satisfy its siblings' peerDependencies requirements!
134 error peerinvalid Peer angular2-in-memory-web-api@0.0.12 wants @angular/core@2.0.0-rc.2
134 error peerinvalid Peer @angular/common@2.0.0-rc.3 wants @angular/core@2.0.0-rc.3
134 error peerinvalid Peer @angular/forms@0.1.1 wants @angular/core@2.0.0-rc.3
134 error peerinvalid Peer @angular/compiler@2.0.0-rc.3 wants @angular/core@2.0.0-rc.3
134 error peerinvalid Peer @angular/http@2.0.0-rc.3 wants @angular/core@2.0.0-rc.3
134 error peerinvalid Peer @angular/platform-browser-dynamic@2.0.0-rc.3 wants @angular/core@2.0.0-rc.3
134 error peerinvalid Peer @angular/platform-browser@2.0.0-rc.3 wants @angular/core@2.0.0-rc.3
134 error peerinvalid Peer @angular/router@3.0.0-alpha.7 wants @angular/core@^2.0.0-rc.2
134 error peerinvalid Peer @angular/router-deprecated@2.0.0-rc.2 wants @angular/core@^2.0.0-rc
134 error peerinvalid Peer @angular2-material/core@2.0.0-alpha.5-2 wants @angular/core@^2.0.0-rc.1
134 error peerinvalid Peer @angular/upgrade@2.0.0-rc.3 wants @angular/core@2.0.0-rc.3
135 verbose exit [ 1, true ]
